<?xml version="1.0" encoding="UTF-8"?>
<!-- Generated by org.testng.reporters.JUnitReportReporter -->
<testsuite hostname="C4J0PT2" name="com.testCases.test" tests="1" failures="0" timestamp="21 Sep 2020 06:52:26 GMT" time="0.007" errors="0">
  <testcase name="test1" time="0.007" classname="com.testCases.test"/>
</testsuite> <!-- com.testCases.test -->
