<?xml version="1.0" encoding="UTF-8"?>
<!-- Generated by org.testng.reporters.JUnitReportReporter -->
<testsuite hostname="C4J0PT2" name="com.DelatePackage.Test1" tests="1" failures="0" timestamp="21 Sep 2020 04:36:33 GMT" time="0.007" errors="0">
  <testcase name="check" time="0.007" classname="com.DelatePackage.Test1"/>
</testsuite> <!-- com.DelatePackage.Test1 -->
