<?xml version="1.0" encoding="UTF-8"?>
<!-- Generated by org.testng.reporters.JUnitReportReporter -->
<testsuite hostname="C4J0PT2" name="com.testCases.test" tests="1" failures="0" timestamp="22 Sep 2020 08:15:31 GMT" time="0.050" errors="0">
  <testcase name="checkLoginTilte" time="0.050" classname="com.testCases.test"/>
</testsuite> <!-- com.testCases.test -->
