<?xml version="1.0" encoding="UTF-8"?>
<!-- Generated by org.testng.reporters.JUnitReportReporter -->
<testsuite hostname="C4J0PT2" name="com.DelatePackage.Log4j2HelloWorldExample" tests="1" failures="0" timestamp="21 Sep 2020 04:36:33 GMT" time="0.074" errors="0">
  <testcase name="test" time="0.074" classname="com.DelatePackage.Log4j2HelloWorldExample"/>
</testsuite> <!-- com.DelatePackage.Log4j2HelloWorldExample -->
