<?xml version="1.0" encoding="UTF-8"?>
<!-- Generated by org.testng.reporters.JUnitReportReporter -->
<testsuite hostname="C4J0PT2" name="com.testCases.Test_002_Login_DDT" tests="1" failures="0" timestamp="21 Sep 2020 04:36:33 GMT" time="43.657" errors="0">
  <testcase name="checkLoginPage" time="43.657" classname="com.testCases.Test_002_Login_DDT"/>
</testsuite> <!-- com.testCases.Test_002_Login_DDT -->
