<?xml version="1.0" encoding="UTF-8"?>
<!-- Generated by org.testng.reporters.JUnitReportReporter -->
<testsuite hostname="C4J0PT2" name="com.testCases.Test_001_Login" tests="2" failures="0" timestamp="21 Sep 2020 06:53:42 GMT" time="28.246" errors="0">
  <testcase name="checkLoginTilte" time="10.860" classname="com.testCases.Test_001_Login"/>
  <testcase name="checkLoginPage" time="17.386" classname="com.testCases.Test_001_Login"/>
</testsuite> <!-- com.testCases.Test_001_Login -->
