<?xml version="1.0" encoding="UTF-8"?>
<!-- Generated by org.testng.reporters.JUnitReportReporter -->
<testsuite hostname="C4J0PT2" name="com.testCases.test" tests="1" failures="0" timestamp="20 Sep 2020 10:25:37 GMT" time="0.010" errors="0">
  <testcase name="test1" time="0.010" classname="com.testCases.test"/>
</testsuite> <!-- com.testCases.test -->
