<?xml version="1.0" encoding="UTF-8"?>
<!-- Generated by org.testng.reporters.JUnitReportReporter -->
<testsuite hostname="C4J0PT2" name="com.testCases.Test_001_Login" tests="2" failures="0" timestamp="20 Sep 2020 10:36:20 GMT" time="36.041" errors="0">
  <testcase name="checkLoginPage" time="23.240" classname="com.testCases.Test_001_Login"/>
  <testcase name="checkLoginTilte" time="12.801" classname="com.testCases.Test_001_Login"/>
</testsuite> <!-- com.testCases.Test_001_Login -->
