<?xml version="1.0" encoding="UTF-8"?>
<!-- Generated by org.testng.reporters.JUnitReportReporter -->
<testsuite hostname="C4J0PT2" name="com.testCases.Test_001_Login" tests="2" failures="0" timestamp="22 Sep 2020 13:13:10 GMT" time="40.773" errors="0">
  <testcase name="checkLoginPage" time="26.036" classname="com.testCases.Test_001_Login"/>
  <testcase name="checkLoginTilte" time="14.737" classname="com.testCases.Test_001_Login"/>
</testsuite> <!-- com.testCases.Test_001_Login -->
